<?xml version="1.0" encoding="UTF-8"?>
<robot generator="Robot 5.0.1 (Python 3.10.5 on win32)" generated="20221004 12:13:28.620" rpa="false" schemaversion="3">
<suite id="s1" name="Test" source="C:\automacao-api-vinci2\automacao-api-vinci 2\automacao-api-vinci 2\test">
<suite id="s1-s1" name="Estados" source="C:\automacao-api-vinci2\automacao-api-vinci 2\automacao-api-vinci 2\test\estados.robot">
<test id="s1-s1-t1" name="Cenário 1: lista os estados" line="6">
<kw name="lista os estados" library="codigoEstado">
<msg timestamp="20221004 12:13:29.205" level="FAIL">Keyword 'codigoEstado.lista os estados' expected 1 argument, got 0.</msg>
<status status="FAIL" starttime="20221004 12:13:29.205" endtime="20221004 12:13:29.205"/>
</kw>
<tag>8</tag>
<status status="FAIL" starttime="20221004 12:13:29.204" endtime="20221004 12:13:29.206">Keyword 'codigoEstado.lista os estados' expected 1 argument, got 0.</status>
</test>
<status status="FAIL" starttime="20221004 12:13:28.640" endtime="20221004 12:13:29.208"/>
</suite>
<suite id="s1-s2" name="Resend" source="C:\automacao-api-vinci2\automacao-api-vinci 2\automacao-api-vinci 2\test\resend.robot">
<test id="s1-s2-t1" name="Cenário 1: reenvio de mensagem SMS" line="7">
<kw name="reenviar mensagem" library="resend">
<arg>SMS</arg>
<kw name="Resend" library="resend">
<var>${response}</var>
<arg>${url_base}/graphql</arg>
<arg>${canal}</arg>
<msg timestamp="20221004 12:13:30.950" level="INFO">${response} = (200, {'data': {'send': {'statusCode': 400, 'pinId': None}}})</msg>
<status status="PASS" starttime="20221004 12:13:29.236" endtime="20221004 12:13:30.950"/>
</kw>
<kw name="Should Be Equal As Strings" library="BuiltIn">
<arg>200</arg>
<arg>${response[0]}</arg>
<doc>Fails if objects are unequal after converting them to strings.</doc>
<msg timestamp="20221004 12:13:30.951" level="INFO">Argument types are:
&lt;class 'str'&gt;
&lt;class 'int'&gt;</msg>
<status status="PASS" starttime="20221004 12:13:30.950" endtime="20221004 12:13:30.952"/>
</kw>
<status status="PASS" starttime="20221004 12:13:29.236" endtime="20221004 12:13:30.952"/>
</kw>
<tag>8</tag>
<status status="PASS" starttime="20221004 12:13:29.235" endtime="20221004 12:13:30.953"/>
</test>
<status status="PASS" starttime="20221004 12:13:29.209" endtime="20221004 12:13:30.956"/>
</suite>
<status status="FAIL" starttime="20221004 12:13:28.622" endtime="20221004 12:13:30.960"/>
</suite>
<statistics>
<total>
<stat pass="1" fail="1" skip="0">All Tests</stat>
</total>
<tag>
<stat pass="1" fail="1" skip="0">8</stat>
</tag>
<suite>
<stat pass="1" fail="1" skip="0" id="s1" name="Test">Test</stat>
<stat pass="0" fail="1" skip="0" id="s1-s1" name="Estados">Test.Estados</stat>
<stat pass="1" fail="0" skip="0" id="s1-s2" name="Resend">Test.Resend</stat>
</suite>
</statistics>
<errors>
</errors>
</robot>
